#
# A fatal error has been detected by the Java Runtime Environment:
#
#  SIGSEGV (0xb) at pc=0x0000000102f60f78, pid=3043, tid=0x0000000000004203
#
# JRE version: Java(TM) SE Runtime Environment (8.0_92-b14) (build 1.8.0_92-b14)
# Java VM: Java HotSpot(TM) 64-Bit Server VM (25.92-b14 mixed mode bsd-amd64 compressed oops)
# Problematic frame:
# V  [libjvm.dylib+0x448f78]
#
# Failed to write core dump. Core dumps have been disabled. To enable core dumping, try "ulimit -c unlimited" before starting Java again
#
# If you would like to submit a bug report, please visit:
#   http://bugreport.java.com/bugreport/crash.jsp
#

---------------  T H R E A D  ---------------

Current thread (0x00007f90b3030000):  JavaThread "JDWP Transport Listener: dt_socket" daemon [_thread_in_vm, id=16899, stack(0x000070000adca000,0x000070000aeca000)]

siginfo: si_signo: 11 (SIGSEGV), si_code: 0 (unknown), si_addr: 0x0000000000000000

Registers:
RAX=0x0000000000000001, RBX=0x000070000aec9a8b, RCX=0x0000000103332360, RDX=0x000070000aec9a8b
RSP=0x000070000aec99d0, RBP=0x000070000aec99e0, RSI=0x00007f90b3030000, RDI=0x0002000000000000
R8 =0x0000000000000000, R9 =0x00007f90b1c33f00, R10=0x0000000000000001, R11=0x0000000000000001
R12=0x00007f90b3030000, R13=0x0002000000000000, R14=0x0002000000000000, R15=0x00007f90b1f000c0
RIP=0x0000000102f60f78, EFLAGS=0x0000000000010206, ERR=0x0000000000000000
  TRAPNO=0x000000000000000d

Top of Stack: (sp=0x000070000aec99d0)
0x000070000aec99d0:   000070000aec9a8b 000070000aec9a8b
0x000070000aec99e0:   000070000aec9a40 0000000102e6fe66
0x000070000aec99f0:   00007f90b3030000 0000000000000000
0x000070000aec9a00:   0000000000000000 0000000000000000
0x000070000aec9a10:   00007f90b3030000 00007f90b3030000
0x000070000aec9a20:   000070000aec9a8b 000070000aec9a90
0x000070000aec9a30:   0002000000000000 0000000000000003
0x000070000aec9a40:   000070000aec9a60 0000000103b13780
0x000070000aec9a50:   0000000000000001 000070000aec9b08
0x000070000aec9a60:   000070000aec9ad0 0000000103af81f3
0x000070000aec9a70:   000070000aec9aa0 00007f90b1c33a30
0x000070000aec9a80:   0000000400000032 0000000900ec9b08
0x000070000aec9a90:   0000000000000000 0000000000000000
0x000070000aec9aa0:   0000000000000000 000070000aec9c90
0x000070000aec9ab0:   0000000103b1ae7a 00007f90b1e26a30
0x000070000aec9ac0:   000070000aec9b08 0000000103b26598
0x000070000aec9ad0:   000070000aec9ae0 0000000103af82ec
0x000070000aec9ae0:   000070000aec9d00 0000000103b01898
0x000070000aec9af0:   0001356800000013 00000000000f0200
0x000070000aec9b00:   00007f90b1e0c130 000070000aec9bd3
0x000070000aec9b10:   00007f90000000b1 000070000aec9b20
0x000070000aec9b20:   00007f900000007b 000070000aec9b58
0x000070000aec9b30:   0000000000000000 0000000000000000
0x000070000aec9b40:   000135680000000f 0000000000000080
0x000070000aec9b50:   000070000aec9b58 907f000004000000
0x000070000aec9b60:   070000002068d3b1 00656d6972507369
0x000070000aec9b70:   005a294a28040000 000a000000000000
0x000070000aec9b80:   000868d3b1907f00 006e69616d040000
0x000070000aec9b90:   616a4c5b28160000 2f676e616c2f6176
0x000070000aec9ba0:   293b676e69727453 0000000000000056
0x000070000aec9bb0:   68d3b1907f000009 7061670300000010
0x000070000aec9bc0:   4a4a492807000000 00000000004a5b29 

Instructions: (pc=0x0000000102f60f78)
0x0000000102f60f58:   40 48 48 85 c0 75 e0 30 c0 0f b6 c0 5d c3 31 c0
0x0000000102f60f68:   5d c3 55 48 89 e5 53 48 83 ec 08 48 85 ff 74 24
0x0000000102f60f78:   48 8b 1f 48 85 db 74 1c 48 83 fb 37 74 16 48 8b
0x0000000102f60f88:   03 48 89 df ff 50 10 84 c0 b8 00 00 00 00 48 0f 

Register to memory mapping:

RAX=0x0000000000000001 is an unknown value
RBX=0x000070000aec9a8b is pointing into the stack for thread: 0x00007f90b3030000
RCX=0x0000000103332360: UseMembar+0 in /Library/Java/JavaVirtualMachines/jdk1.8.0_92.jdk/Contents/Home/jre/lib/server/libjvm.dylib at 0x0000000102b18000
RDX=0x000070000aec9a8b is pointing into the stack for thread: 0x00007f90b3030000
RSP=0x000070000aec99d0 is pointing into the stack for thread: 0x00007f90b3030000
RBP=0x000070000aec99e0 is pointing into the stack for thread: 0x00007f90b3030000
RSI=0x00007f90b3030000 is a thread
RDI=0x0002000000000000 is an unknown value
R8 =0x0000000000000000 is an unknown value
R9 =0x00007f90b1c33f00 is an unknown value
R10=0x0000000000000001 is an unknown value
R11=0x0000000000000001 is an unknown value
R12=0x00007f90b3030000 is a thread
R13=0x0002000000000000 is an unknown value
R14=0x0002000000000000 is an unknown value
R15=0x00007f90b1f000c0 is an unknown value


Stack: [0x000070000adca000,0x000070000aeca000],  sp=0x000070000aec99d0,  free space=1022k
Native frames: (J=compiled Java code, j=interpreted, Vv=VM code, C=native code)
V  [libjvm.dylib+0x448f78]
V  [libjvm.dylib+0x357e66]
C  [libjdwp.dylib+0x20780]  isMethodSynthetic+0x63
C  [libjdwp.dylib+0x51f3]  methods1+0x10b
C  [libjdwp.dylib+0x52ec]  methodsWithGeneric+0xe
C  [libjdwp.dylib+0xe898]  debugLoop_run+0x1ce
C  [libjdwp.dylib+0x1f6ba]  attachThread+0x4d
V  [libjvm.dylib+0x3991cc]
V  [libjvm.dylib+0x564c57]
V  [libjvm.dylib+0x566344]
V  [libjvm.dylib+0x485bbe]
C  [libsystem_pthread.dylib+0x3abb]  _pthread_body+0xb4
C  [libsystem_pthread.dylib+0x3a07]  _pthread_body+0x0
C  [libsystem_pthread.dylib+0x3231]  thread_start+0xd
C  0x0000000000000000


---------------  P R O C E S S  ---------------

Java Threads: ( => current thread )
  0x00007f90b283f800 JavaThread "Service Thread" daemon [_thread_blocked, id=19971, stack(0x000070000b3dc000,0x000070000b4dc000)]
  0x00007f90b204e000 JavaThread "C1 CompilerThread2" daemon [_thread_blocked, id=19459, stack(0x000070000b2d9000,0x000070000b3d9000)]
  0x00007f90b3818000 JavaThread "C2 CompilerThread1" daemon [_thread_blocked, id=18947, stack(0x000070000b1d6000,0x000070000b2d6000)]
  0x00007f90b2803000 JavaThread "C2 CompilerThread0" daemon [_thread_blocked, id=18435, stack(0x000070000b0d3000,0x000070000b1d3000)]
  0x00007f90b380b000 JavaThread "JDWP Command Reader" daemon [_thread_in_native, id=17923, stack(0x000070000afd0000,0x000070000b0d0000)]
  0x00007f90b2834000 JavaThread "JDWP Event Helper Thread" daemon [_thread_blocked, id=17411, stack(0x000070000aecd000,0x000070000afcd000)]
=>0x00007f90b3030000 JavaThread "JDWP Transport Listener: dt_socket" daemon [_thread_in_vm, id=16899, stack(0x000070000adca000,0x000070000aeca000)]
  0x00007f90b381a800 JavaThread "Signal Dispatcher" daemon [_thread_blocked, id=16387, stack(0x000070000acc7000,0x000070000adc7000)]
  0x00007f90b2831000 JavaThread "Finalizer" daemon [_thread_blocked, id=12547, stack(0x000070000abc4000,0x000070000acc4000)]
  0x00007f90b282e000 JavaThread "Reference Handler" daemon [_thread_blocked, id=12035, stack(0x000070000aac1000,0x000070000abc1000)]
  0x00007f90b2020000 JavaThread "main" [_thread_blocked, id=7171, stack(0x000070000a4af000,0x000070000a5af000)]

Other Threads:
  0x00007f90b282d800 VMThread [stack: 0x000070000a9be000,0x000070000aabe000] [id=11523]
  0x00007f90b2031800 WatcherThread [stack: 0x000070000b4df000,0x000070000b5df000] [id=20483]

VM state:not at safepoint (normal execution)

VM Mutex/Monitor currently owned by a thread: None

Heap:
 PSYoungGen      total 38400K, used 2662K [0x0000000795580000, 0x0000000798000000, 0x00000007c0000000)
  eden space 33280K, 8% used [0x0000000795580000,0x0000000795819a10,0x0000000797600000)
  from space 5120K, 0% used [0x0000000797b00000,0x0000000797b00000,0x0000000798000000)
  to   space 5120K, 0% used [0x0000000797600000,0x0000000797600000,0x0000000797b00000)
 ParOldGen       total 87552K, used 0K [0x0000000740000000, 0x0000000745580000, 0x0000000795580000)
  object space 87552K, 0% used [0x0000000740000000,0x0000000740000000,0x0000000745580000)
 Metaspace       used 2773K, capacity 4568K, committed 4864K, reserved 1056768K
  class space    used 297K, capacity 392K, committed 512K, reserved 1048576K

Card table byte_map: [0x00000001047c0000,0x0000000104bc1000] byte_map_base: 0x0000000100dc0000

Marking Bits: (ParMarkBitMap*) 0x0000000103400bd0
 Begin Bits: [0x0000000117798000, 0x0000000119798000)
 End Bits:   [0x0000000119798000, 0x000000011b798000)

Polling page: 0x0000000103af2000

CodeCache: size=245760Kb used=1120Kb max_used=1120Kb free=244639Kb
 bounds [0x0000000108798000, 0x0000000108a08000, 0x0000000117798000]
 total_blobs=265 nmethods=42 adapters=145
 compilation: enabled

Compilation events (10 events):
Event: 0.236 Thread 0x00007f90b204e000   38       3       java.util.Arrays::copyOf (19 bytes)
Event: 0.236 Thread 0x00007f90b204e000 nmethod 38 0x00000001088ae9d0 code [0x00000001088aeb60, 0x00000001088aee88]
Event: 0.236 Thread 0x00007f90b204e000   39       1       java.util.ArrayList::size (5 bytes)
Event: 0.237 Thread 0x00007f90b204e000 nmethod 39 0x00000001088aefd0 code [0x00000001088af120, 0x00000001088af230]
Event: 0.242 Thread 0x00007f90b204e000   40       3       java.lang.StringBuilder::append (8 bytes)
Event: 0.242 Thread 0x00007f90b204e000 nmethod 40 0x00000001088af290 code [0x00000001088af420, 0x00000001088af7a8]
Event: 0.242 Thread 0x00007f90b204e000   41       3       java.lang.AbstractStringBuilder::append (29 bytes)
Event: 0.243 Thread 0x00007f90b204e000 nmethod 41 0x00000001088af990 code [0x00000001088afb00, 0x00000001088afe28]
Event: 21.925 Thread 0x00007f90b204e000   42       1       java.util.LinkedList::size (5 bytes)
Event: 21.925 Thread 0x00007f90b204e000 nmethod 42 0x00000001088aff90 code [0x00000001088b00e0, 0x00000001088b01f0]

GC Heap History (0 events):
No events

Deoptimization events (0 events):
No events

Internal exceptions (2 events):
Event: 0.053 Thread 0x00007f90b2020000 Exception <a 'java/lang/NoSuchMethodError': Method sun.misc.Unsafe.defineClass(Ljava/lang/String;[BII)Ljava/lang/Class; name or signature does not match> (0x0000000795587cc0) thrown at [/Users/java_re/workspace/8-2-build-macosx-x86_64/jdk8u92/6642/hotspot
Event: 0.053 Thread 0x00007f90b2020000 Exception <a 'java/lang/NoSuchMethodError': Method sun.misc.Unsafe.prefetchRead(Ljava/lang/Object;J)V name or signature does not match> (0x0000000795587fa8) thrown at [/Users/java_re/workspace/8-2-build-macosx-x86_64/jdk8u92/6642/hotspot/src/share/vm/prim

Events (10 events):
Event: 435.365 Executing VM operation: ChangeBreakpoints
Event: 435.365 Executing VM operation: ChangeBreakpoints done
Event: 435.369 Executing VM operation: ChangeBreakpoints
Event: 435.369 Executing VM operation: ChangeBreakpoints done
Event: 472.280 Executing VM operation: ChangeBreakpoints
Event: 472.280 Executing VM operation: ChangeBreakpoints done
Event: 472.281 Executing VM operation: ChangeBreakpoints
Event: 472.281 Executing VM operation: ChangeBreakpoints done
Event: 472.283 Executing VM operation: RedefineClasses
Event: 472.283 Executing VM operation: RedefineClasses done


Dynamic libraries:
0x00000000342c8000 	/System/Library/Frameworks/Cocoa.framework/Versions/A/Cocoa
0x00000000342c8000 	/System/Library/Frameworks/Security.framework/Versions/A/Security
0x00000000342c8000 	/System/Library/Frameworks/ApplicationServices.framework/Versions/A/ApplicationServices
0x00000000342c8000 	/usr/lib/libz.1.dylib
0x00000000342c8000 	/usr/lib/libSystem.B.dylib
0x00000000342c8000 	/usr/lib/libobjc.A.dylib
0x00000000342c8000 	/System/Library/Frameworks/CoreFoundation.framework/Versions/A/CoreFoundation
0x00000000342c8000 	/System/Library/Frameworks/Foundation.framework/Versions/C/Foundation
0x00000000342c8000 	/System/Library/Frameworks/AppKit.framework/Versions/C/AppKit
0x00000000342c8000 	/System/Library/Frameworks/CoreData.framework/Versions/A/CoreData
0x00000000342c8000 	/System/Library/PrivateFrameworks/RemoteViewServices.framework/Versions/A/RemoteViewServices
0x00000000342c8000 	/System/Library/PrivateFrameworks/UIFoundation.framework/Versions/A/UIFoundation
0x00000000342c8000 	/usr/lib/libenergytrace.dylib
0x00000000342c8000 	/System/Library/PrivateFrameworks/SkyLight.framework/Versions/A/SkyLight
0x00000000342c8000 	/System/Library/Frameworks/CoreGraphics.framework/Versions/A/CoreGraphics
0x00000000342c8000 	/usr/lib/libScreenReader.dylib
0x00000000342c8000 	/System/Library/Frameworks/Accelerate.framework/Versions/A/Accelerate
0x00000000342c8000 	/System/Library/Frameworks/IOSurface.framework/Versions/A/IOSurface
0x00000000342c8000 	/System/Library/Frameworks/AudioToolbox.framework/Versions/A/AudioToolbox
0x00000000342c8000 	/System/Library/Frameworks/AudioUnit.framework/Versions/A/AudioUnit
0x00000000342c8000 	/System/Library/PrivateFrameworks/DataDetectorsCore.framework/Versions/A/DataDetectorsCore
0x00000000342c8000 	/System/Library/PrivateFrameworks/DesktopServicesPriv.framework/Versions/A/DesktopServicesPriv
0x00000000342c8000 	/System/Library/Frameworks/Carbon.framework/Versions/A/Frameworks/HIToolbox.framework/Versions/A/HIToolbox
0x00000000342c8000 	/usr/lib/libicucore.A.dylib
0x00000000342c8000 	/System/Library/Frameworks/QuartzCore.framework/Versions/A/QuartzCore
0x00000000342c8000 	/System/Library/Frameworks/Carbon.framework/Versions/A/Frameworks/SpeechRecognition.framework/Versions/A/SpeechRecognition
0x00000000342c8000 	/usr/lib/libauto.dylib
0x00000000342c8000 	/usr/lib/libxml2.2.dylib
0x00000000342c8000 	/System/Library/PrivateFrameworks/CoreUI.framework/Versions/A/CoreUI
0x00000000342c8000 	/System/Library/Frameworks/CoreAudio.framework/Versions/A/CoreAudio
0x00000000342c8000 	/System/Library/Frameworks/DiskArbitration.framework/Versions/A/DiskArbitration
0x00000000342c8000 	/usr/lib/liblangid.dylib
0x00000000342c8000 	/System/Library/PrivateFrameworks/MultitouchSupport.framework/Versions/A/MultitouchSupport
0x00000000342c8000 	/System/Library/Frameworks/IOKit.framework/Versions/A/IOKit
0x00000000342c8000 	/usr/lib/libDiagnosticMessagesClient.dylib
0x00000000342c8000 	/System/Library/Frameworks/CoreServices.framework/Versions/A/CoreServices
0x00000000342c8000 	/System/Library/PrivateFrameworks/PerformanceAnalysis.framework/Versions/A/PerformanceAnalysis
0x00000000342c8000 	/System/Library/PrivateFrameworks/GenerationalStorage.framework/Versions/A/GenerationalStorage
0x00000000342c8000 	/System/Library/Frameworks/OpenGL.framework/Versions/A/OpenGL
0x00000000342c8000 	/System/Library/Frameworks/CoreImage.framework/Versions/A/CoreImage
0x00000000342c8000 	/System/Library/Frameworks/CoreText.framework/Versions/A/CoreText
0x00000000342c8000 	/System/Library/Frameworks/ImageIO.framework/Versions/A/ImageIO
0x00000000342c8000 	/System/Library/PrivateFrameworks/Backup.framework/Versions/A/Backup
0x00000000342c8000 	/usr/lib/libarchive.2.dylib
0x00000000342c8000 	/System/Library/Frameworks/CFNetwork.framework/Versions/A/CFNetwork
0x00000000342c8000 	/System/Library/Frameworks/SystemConfiguration.framework/Versions/A/SystemConfiguration
0x00000000342c8000 	/usr/lib/libCRFSuite.dylib
0x00000000342c8000 	/usr/lib/libc++.1.dylib
0x00000000342c8000 	/usr/lib/libc++abi.dylib
0x00000000342c8000 	/usr/lib/system/libcache.dylib
0x00000000342c8000 	/usr/lib/system/libcommonCrypto.dylib
0x00000000342c8000 	/usr/lib/system/libcompiler_rt.dylib
0x00000000342c8000 	/usr/lib/system/libcopyfile.dylib
0x00000000342c8000 	/usr/lib/system/libcorecrypto.dylib
0x00000000342c8000 	/usr/lib/system/libdispatch.dylib
0x00000000342c8000 	/usr/lib/system/libdyld.dylib
0x00000000342c8000 	/usr/lib/system/libkeymgr.dylib
0x00000000342c8000 	/usr/lib/system/liblaunch.dylib
0x00000000342c8000 	/usr/lib/system/libmacho.dylib
0x00000000342c8000 	/usr/lib/system/libquarantine.dylib
0x00000000342c8000 	/usr/lib/system/libremovefile.dylib
0x00000000342c8000 	/usr/lib/system/libsystem_asl.dylib
0x00000000342c8000 	/usr/lib/system/libsystem_blocks.dylib
0x00000000342c8000 	/usr/lib/system/libsystem_c.dylib
0x00000000342c8000 	/usr/lib/system/libsystem_configuration.dylib
0x00000000342c8000 	/usr/lib/system/libsystem_coreservices.dylib
0x00000000342c8000 	/usr/lib/system/libsystem_coretls.dylib
0x00000000342c8000 	/usr/lib/system/libsystem_dnssd.dylib
0x00000000342c8000 	/usr/lib/system/libsystem_info.dylib
0x00000000342c8000 	/usr/lib/system/libsystem_kernel.dylib
0x00000000342c8000 	/usr/lib/system/libsystem_m.dylib
0x00000000342c8000 	/usr/lib/system/libsystem_malloc.dylib
0x00000000342c8000 	/usr/lib/system/libsystem_network.dylib
0x00000000342c8000 	/usr/lib/system/libsystem_networkextension.dylib
0x00000000342c8000 	/usr/lib/system/libsystem_notify.dylib
0x00000000342c8000 	/usr/lib/system/libsystem_platform.dylib
0x00000000342c8000 	/usr/lib/system/libsystem_pthread.dylib
0x00000000342c8000 	/usr/lib/system/libsystem_sandbox.dylib
0x00000000342c8000 	/usr/lib/system/libsystem_secinit.dylib
0x00000000342c8000 	/usr/lib/system/libsystem_symptoms.dylib
0x00000000342c8000 	/usr/lib/system/libsystem_trace.dylib
0x00000000342c8000 	/usr/lib/system/libunwind.dylib
0x00000000342c8000 	/usr/lib/system/libxpc.dylib
0x00000000342c8000 	/usr/lib/libbsm.0.dylib
0x00000000342c8000 	/usr/lib/system/libkxld.dylib
0x00000000342c8000 	/usr/lib/libcoretls.dylib
0x00000000342c8000 	/usr/lib/libcoretls_cfhelpers.dylib
0x00000000342c8000 	/usr/lib/libxar.1.dylib
0x00000000342c8000 	/usr/lib/libsqlite3.dylib
0x00000000342c8000 	/usr/lib/libpam.2.dylib
0x00000000342c8000 	/usr/lib/libOpenScriptingUtil.dylib
0x00000000342c8000 	/usr/lib/libbz2.1.0.dylib
0x00000000342c8000 	/usr/lib/liblzma.5.dylib
0x00000000342c8000 	/usr/lib/libnetwork.dylib
0x00000000342c8000 	/usr/lib/libpcap.A.dylib
0x00000000342c8000 	/System/Library/Frameworks/CoreServices.framework/Versions/A/Frameworks/FSEvents.framework/Versions/A/FSEvents
0x00000000342c8000 	/System/Library/Frameworks/CoreServices.framework/Versions/A/Frameworks/CarbonCore.framework/Versions/A/CarbonCore
0x00000000342c8000 	/System/Library/Frameworks/CoreServices.framework/Versions/A/Frameworks/Metadata.framework/Versions/A/Metadata
0x00000000342c8000 	/System/Library/Frameworks/CoreServices.framework/Versions/A/Frameworks/OSServices.framework/Versions/A/OSServices
0x00000000342c8000 	/System/Library/Frameworks/CoreServices.framework/Versions/A/Frameworks/SearchKit.framework/Versions/A/SearchKit
0x00000000342c8000 	/System/Library/Frameworks/CoreServices.framework/Versions/A/Frameworks/AE.framework/Versions/A/AE
0x00000000342c8000 	/System/Library/Frameworks/CoreServices.framework/Versions/A/Frameworks/LaunchServices.framework/Versions/A/LaunchServices
0x00000000342c8000 	/System/Library/Frameworks/CoreServices.framework/Versions/A/Frameworks/DictionaryServices.framework/Versions/A/DictionaryServices
0x00000000342c8000 	/System/Library/Frameworks/CoreServices.framework/Versions/A/Frameworks/SharedFileList.framework/Versions/A/SharedFileList
0x00000000342c8000 	/System/Library/Frameworks/NetFS.framework/Versions/A/NetFS
0x00000000342c8000 	/System/Library/PrivateFrameworks/NetAuth.framework/Versions/A/NetAuth
0x00000000342c8000 	/System/Library/PrivateFrameworks/login.framework/Versions/A/Frameworks/loginsupport.framework/Versions/A/loginsupport
0x00000000342c8000 	/System/Library/PrivateFrameworks/TCC.framework/Versions/A/TCC
0x00000000342c8000 	/usr/lib/libmecabra.dylib
0x00000000342c8000 	/System/Library/Frameworks/ApplicationServices.framework/Versions/A/Frameworks/ATS.framework/Versions/A/ATS
0x00000000342c8000 	/System/Library/Frameworks/ApplicationServices.framework/Versions/A/Frameworks/ColorSync.framework/Versions/A/ColorSync
0x00000000342c8000 	/System/Library/Frameworks/ApplicationServices.framework/Versions/A/Frameworks/HIServices.framework/Versions/A/HIServices
0x00000000342c8000 	/System/Library/Frameworks/ApplicationServices.framework/Versions/A/Frameworks/LangAnalysis.framework/Versions/A/LangAnalysis
0x00000000342c8000 	/System/Library/Frameworks/ApplicationServices.framework/Versions/A/Frameworks/PrintCore.framework/Versions/A/PrintCore
0x00000000342c8000 	/System/Library/Frameworks/ApplicationServices.framework/Versions/A/Frameworks/QD.framework/Versions/A/QD
0x00000000342c8000 	/System/Library/Frameworks/ApplicationServices.framework/Versions/A/Frameworks/SpeechSynthesis.framework/Versions/A/SpeechSynthesis
0x00000000342c8000 	/System/Library/Frameworks/Accelerate.framework/Versions/A/Frameworks/vImage.framework/Versions/A/vImage
0x00000000342c8000 	/System/Library/Frameworks/Accelerate.framework/Versions/A/Frameworks/vecLib.framework/Versions/A/vecLib
0x00000000342c8000 	/System/Library/Frameworks/Accelerate.framework/Versions/A/Frameworks/vecLib.framework/Versions/A/libvDSP.dylib
0x00000000342c8000 	/System/Library/Frameworks/Accelerate.framework/Versions/A/Frameworks/vecLib.framework/Versions/A/libBNNS.dylib
0x00000000342c8000 	/System/Library/Frameworks/Accelerate.framework/Versions/A/Frameworks/vecLib.framework/Versions/A/libQuadrature.dylib
0x00000000342c8000 	/System/Library/Frameworks/Accelerate.framework/Versions/A/Frameworks/vecLib.framework/Versions/A/libvMisc.dylib
0x00000000342c8000 	/System/Library/Frameworks/Accelerate.framework/Versions/A/Frameworks/vecLib.framework/Versions/A/libLAPACK.dylib
0x00000000342c8000 	/System/Library/Frameworks/Accelerate.framework/Versions/A/Frameworks/vecLib.framework/Versions/A/libBLAS.dylib
0x00000000342c8000 	/System/Library/Frameworks/Accelerate.framework/Versions/A/Frameworks/vecLib.framework/Versions/A/libLinearAlgebra.dylib
0x00000000342c8000 	/System/Library/Frameworks/Accelerate.framework/Versions/A/Frameworks/vecLib.framework/Versions/A/libSparseBLAS.dylib
0x00000000342c8000 	/System/Library/Frameworks/ApplicationServices.framework/Versions/A/Frameworks/ATS.framework/Versions/A/Resources/libFontParser.dylib
0x00000000342c8000 	/System/Library/Frameworks/ApplicationServices.framework/Versions/A/Frameworks/ATS.framework/Versions/A/Resources/libFontRegistry.dylib
0x00000000342c8000 	/System/Library/Frameworks/ImageIO.framework/Versions/A/Resources/libJPEG.dylib
0x00000000342c8000 	/System/Library/Frameworks/ImageIO.framework/Versions/A/Resources/libTIFF.dylib
0x00000000342c8000 	/System/Library/Frameworks/ImageIO.framework/Versions/A/Resources/libPng.dylib
0x00000000342c8000 	/System/Library/Frameworks/ImageIO.framework/Versions/A/Resources/libGIF.dylib
0x00000000342c8000 	/System/Library/Frameworks/ImageIO.framework/Versions/A/Resources/libJP2.dylib
0x00000000342c8000 	/System/Library/Frameworks/ImageIO.framework/Versions/A/Resources/libRadiance.dylib
0x00000000342c8000 	/usr/lib/libcompression.dylib
0x00000000342c8000 	/System/Library/PrivateFrameworks/AppleJPEG.framework/Versions/A/AppleJPEG
0x00000000342c8000 	/usr/lib/libcups.2.dylib
0x00000000342c8000 	/System/Library/Frameworks/Kerberos.framework/Versions/A/Kerberos
0x00000000342c8000 	/System/Library/Frameworks/GSS.framework/Versions/A/GSS
0x00000000342c8000 	/usr/lib/libresolv.9.dylib
0x00000000342c8000 	/usr/lib/libiconv.2.dylib
0x00000000342c8000 	/System/Library/PrivateFrameworks/Heimdal.framework/Versions/A/Heimdal
0x00000000342c8000 	/usr/lib/libheimdal-asn1.dylib
0x00000000342c8000 	/System/Library/Frameworks/OpenDirectory.framework/Versions/A/OpenDirectory
0x00000000342c8000 	/System/Library/PrivateFrameworks/CommonAuth.framework/Versions/A/CommonAuth
0x00000000342c8000 	/System/Library/Frameworks/OpenDirectory.framework/Versions/A/Frameworks/CFOpenDirectory.framework/Versions/A/CFOpenDirectory
0x00000000342c8000 	/System/Library/Frameworks/SecurityFoundation.framework/Versions/A/SecurityFoundation
0x00000000342c8000 	/System/Library/PrivateFrameworks/LanguageModeling.framework/Versions/A/LanguageModeling
0x00000000342c8000 	/usr/lib/libmarisa.dylib
0x00000000342c8000 	/usr/lib/libChineseTokenizer.dylib
0x00000000342c8000 	/usr/lib/libcmph.dylib
0x00000000342c8000 	/System/Library/PrivateFrameworks/CoreEmoji.framework/Versions/A/CoreEmoji
0x00000000342c8000 	/System/Library/Frameworks/ServiceManagement.framework/Versions/A/ServiceManagement
0x00000000342c8000 	/usr/lib/libxslt.1.dylib
0x00000000342c8000 	/System/Library/Frameworks/Carbon.framework/Versions/A/Frameworks/Ink.framework/Versions/A/Ink
0x00000000342c8000 	/System/Library/PrivateFrameworks/TextureIO.framework/Versions/A/TextureIO
0x00000000342c8000 	/System/Library/Frameworks/Metal.framework/Versions/A/Metal
0x00000000342c8000 	/usr/lib/libate.dylib
0x00000000342c8000 	/System/Library/PrivateFrameworks/GPUCompiler.framework/libmetal_timestamp.dylib
0x00000000342c8000 	/System/Library/Frameworks/OpenGL.framework/Versions/A/Libraries/libCoreFSCache.dylib
0x00000000342c8000 	/System/Library/PrivateFrameworks/IOAccelerator.framework/Versions/A/IOAccelerator
0x00000000342c8000 	/System/Library/Frameworks/CoreVideo.framework/Versions/A/CoreVideo
0x00000000342c8000 	/usr/lib/libFosl_dynamic.dylib
0x00000000342c8000 	/System/Library/PrivateFrameworks/MetalPerformanceShaders.framework/Versions/A/MetalPerformanceShaders
0x00000000342c8000 	/System/Library/PrivateFrameworks/FaceCore.framework/Versions/A/FaceCore
0x00000000342c8000 	/System/Library/Frameworks/OpenCL.framework/Versions/A/OpenCL
0x00000000342c8000 	/System/Library/Frameworks/OpenGL.framework/Versions/A/Libraries/libGLU.dylib
0x00000000342c8000 	/System/Library/Frameworks/OpenGL.framework/Versions/A/Libraries/libGFXShared.dylib
0x00000000342c8000 	/System/Library/Frameworks/OpenGL.framework/Versions/A/Libraries/libGL.dylib
0x00000000342c8000 	/System/Library/Frameworks/OpenGL.framework/Versions/A/Libraries/libGLImage.dylib
0x00000000342c8000 	/System/Library/Frameworks/OpenGL.framework/Versions/A/Libraries/libCVMSPluginSupport.dylib
0x00000000342c8000 	/System/Library/Frameworks/OpenGL.framework/Versions/A/Libraries/libCoreVMClient.dylib
0x00000000342c8000 	/System/Library/PrivateFrameworks/CrashReporterSupport.framework/Versions/A/CrashReporterSupport
0x00000000342c8000 	/System/Library/PrivateFrameworks/Sharing.framework/Versions/A/Sharing
0x00000000342c8000 	/System/Library/PrivateFrameworks/IconServices.framework/Versions/A/IconServices
0x00000000342c8000 	/System/Library/PrivateFrameworks/ProtocolBuffer.framework/Versions/A/ProtocolBuffer
0x00000000342c8000 	/System/Library/PrivateFrameworks/Apple80211.framework/Versions/A/Apple80211
0x00000000342c8000 	/System/Library/Frameworks/CoreWLAN.framework/Versions/A/CoreWLAN
0x00000000342c8000 	/System/Library/PrivateFrameworks/CoreUtils.framework/Versions/A/CoreUtils
0x00000000342c8000 	/System/Library/Frameworks/IOBluetooth.framework/Versions/A/IOBluetooth
0x00000000342c8000 	/System/Library/PrivateFrameworks/CoreWiFi.framework/Versions/A/CoreWiFi
0x00000000342c8000 	/System/Library/Frameworks/CoreBluetooth.framework/Versions/A/CoreBluetooth
0x00000000342c8000 	/System/Library/Frameworks/CoreDisplay.framework/Versions/A/CoreDisplay
0x00000000342c8000 	/System/Library/PrivateFrameworks/IOPresentment.framework/Versions/A/IOPresentment
0x00000000342c8000 	/System/Library/PrivateFrameworks/DebugSymbols.framework/Versions/A/DebugSymbols
0x00000000342c8000 	/System/Library/PrivateFrameworks/CoreSymbolication.framework/Versions/A/CoreSymbolication
0x00000000342c8000 	/System/Library/PrivateFrameworks/Symbolication.framework/Versions/A/Symbolication
0x00000000342c8000 	/System/Library/PrivateFrameworks/AppleFSCompression.framework/Versions/A/AppleFSCompression
0x00000000342c8000 	/System/Library/PrivateFrameworks/SpeechRecognitionCore.framework/Versions/A/SpeechRecognitionCore
0x00000000342c8000 	/System/Library/PrivateFrameworks/ChunkingLibrary.framework/Versions/A/ChunkingLibrary
0x0000000102b18000 	/Library/Java/JavaVirtualMachines/jdk1.8.0_92.jdk/Contents/Home/jre/lib/server/libjvm.dylib
0x00000000342c8000 	/usr/lib/libstdc++.6.dylib
0x0000000103aaf000 	/Library/Java/JavaVirtualMachines/jdk1.8.0_92.jdk/Contents/Home/jre/lib/libverify.dylib
0x0000000103abd000 	/Library/Java/JavaVirtualMachines/jdk1.8.0_92.jdk/Contents/Home/jre/lib/libjava.dylib
0x0000000103af3000 	/Library/Java/JavaVirtualMachines/jdk1.8.0_92.jdk/Contents/Home/jre/lib/libjdwp.dylib
0x0000000103b3e000 	/Library/Java/JavaVirtualMachines/jdk1.8.0_92.jdk/Contents/Home/jre/lib/libnpt.dylib
0x0000000103b4b000 	/Library/Java/JavaVirtualMachines/jdk1.8.0_92.jdk/Contents/Home/jre/lib/libzip.dylib
0x0000000106cb7000 	/System/Library/Frameworks/JavaVM.framework/Frameworks/JavaRuntimeSupport.framework/JavaRuntimeSupport
0x0000000106cd1000 	/System/Library/Frameworks/JavaVM.framework/Versions/A/Frameworks/JavaNativeFoundation.framework/Versions/A/JavaNativeFoundation
0x0000000106ce6000 	/System/Library/Frameworks/JavaVM.framework/Versions/A/JavaVM
0x00000000342c8000 	/System/Library/Frameworks/Carbon.framework/Versions/A/Carbon
0x0000000106cf3000 	/System/Library/PrivateFrameworks/JavaLaunching.framework/Versions/A/JavaLaunching
0x00000000342c8000 	/System/Library/Frameworks/Carbon.framework/Versions/A/Frameworks/CommonPanels.framework/Versions/A/CommonPanels
0x00000000342c8000 	/System/Library/Frameworks/Carbon.framework/Versions/A/Frameworks/Help.framework/Versions/A/Help
0x00000000342c8000 	/System/Library/Frameworks/Carbon.framework/Versions/A/Frameworks/ImageCapture.framework/Versions/A/ImageCapture
0x00000000342c8000 	/System/Library/Frameworks/Carbon.framework/Versions/A/Frameworks/OpenScripting.framework/Versions/A/OpenScripting
0x00000000342c8000 	/System/Library/Frameworks/Carbon.framework/Versions/A/Frameworks/Print.framework/Versions/A/Print
0x00000000342c8000 	/System/Library/Frameworks/Carbon.framework/Versions/A/Frameworks/SecurityHI.framework/Versions/A/SecurityHI
0x00000001085fd000 	/Library/Java/JavaVirtualMachines/jdk1.8.0_92.jdk/Contents/Home/jre/lib/libdt_socket.dylib

VM Arguments:
jvm_args: -agentlib:jdwp=transport=dt_socket,address=127.0.0.1:56248,suspend=y,server=n -Dfile.encoding=UTF-8 
java_command: GapInPrimes
java_class_path (initial): /Library/Java/JavaVirtualMachines/jdk1.8.0_92.jdk/Contents/Home/jre/lib/charsets.jar:/Library/Java/JavaVirtualMachines/jdk1.8.0_92.jdk/Contents/Home/jre/lib/deploy.jar:/Library/Java/JavaVirtualMachines/jdk1.8.0_92.jdk/Contents/Home/jre/lib/ext/cldrdata.jar:/Library/Java/JavaVirtualMachines/jdk1.8.0_92.jdk/Contents/Home/jre/lib/ext/dnsns.jar:/Library/Java/JavaVirtualMachines/jdk1.8.0_92.jdk/Contents/Home/jre/lib/ext/jaccess.jar:/Library/Java/JavaVirtualMachines/jdk1.8.0_92.jdk/Contents/Home/jre/lib/ext/jfxrt.jar:/Library/Java/JavaVirtualMachines/jdk1.8.0_92.jdk/Contents/Home/jre/lib/ext/localedata.jar:/Library/Java/JavaVirtualMachines/jdk1.8.0_92.jdk/Contents/Home/jre/lib/ext/nashorn.jar:/Library/Java/JavaVirtualMachines/jdk1.8.0_92.jdk/Contents/Home/jre/lib/ext/sunec.jar:/Library/Java/JavaVirtualMachines/jdk1.8.0_92.jdk/Contents/Home/jre/lib/ext/sunjce_provider.jar:/Library/Java/JavaVirtualMachines/jdk1.8.0_92.jdk/Contents/Home/jre/lib/ext/sunpkcs11.jar:/Library/Java/JavaVirtualMachines/jdk1.8.0_92.jdk/Contents/Home/jre/lib/ext/zipfs.jar:/Library/Java/JavaVirtualMachines/jdk1.8.0_92.jdk/Contents/Home/jre/lib/javaws.jar:/Library/Java/JavaVirtualMachines/jdk1.8.0_92.jdk/Contents/Home/jre/lib/jce.jar:/Library/Java/JavaVirtualMachines/jdk1.8.0_92.jdk/Contents/Home/jre/lib/jfr.jar:/Library/Java/JavaVirtualMachines/jdk1.8.0_92.jdk/Contents/Home/jre/lib/jfxswt.jar:/Library/Java/JavaVirtualMachines/jdk1.8.0_92.jdk/Contents/Home/jre/lib/jsse.jar:/Library/Java/JavaVirtualMachines/jdk1.8.0_92.jdk/Contents/Home/jre/lib/management-agent.jar:/Library/Java/JavaVirtualMachines/jdk1.8.0_92.jdk/Contents/Home/jre/lib/plugin.jar:/Library/Java/JavaVirtualMachines/jdk1.8.0_92.jdk/Contents/Home/jre/lib/resources.jar:/Library/Java/JavaVirtualMachines/jdk1.8.0_92.jdk/Contents/Home/jre/lib/rt.jar:/Library/Java/JavaVirtualMachines/jdk1.8.0_92.jdk/Contents/Home/lib/ant-javafx.jar:/Library/Java/JavaVirtualMachines/jdk1.8.0_92.jdk/Contents/Home/lib/dt.jar:/Library/Ja
Launcher Type: SUN_STANDARD

Environment Variables:
PATH=/usr/local/bin:/usr/bin:/bin:/usr/sbin:/sbin
SHELL=/bin/bash

Signal Handlers:
SIGSEGV: [libjvm.dylib+0x5aa779], sa_mask[0]=11111111011111110111111111111111, sa_flags=SA_ONSTACK|SA_RESTART|SA_SIGINFO
SIGBUS: [libjvm.dylib+0x5aa779], sa_mask[0]=11111111011111110111111111111111, sa_flags=SA_RESTART|SA_SIGINFO
SIGFPE: [libjvm.dylib+0x4831d0], sa_mask[0]=11111111011111110111111111111111, sa_flags=SA_RESTART|SA_SIGINFO
SIGPIPE: [libjvm.dylib+0x4831d0], sa_mask[0]=11111111011111110111111111111111, sa_flags=SA_RESTART|SA_SIGINFO
SIGXFSZ: [libjvm.dylib+0x4831d0], sa_mask[0]=11111111011111110111111111111111, sa_flags=SA_RESTART|SA_SIGINFO
SIGILL: [libjvm.dylib+0x4831d0], sa_mask[0]=11111111011111110111111111111111, sa_flags=SA_RESTART|SA_SIGINFO
SIGUSR1: SIG_DFL, sa_mask[0]=00000000000000000000000000000000, sa_flags=none
SIGUSR2: [libjvm.dylib+0x482cee], sa_mask[0]=00100000000000000000000000000000, sa_flags=SA_RESTART|SA_SIGINFO
SIGHUP: [libjvm.dylib+0x4812c5], sa_mask[0]=11111111011111110111111111111111, sa_flags=SA_RESTART|SA_SIGINFO
SIGINT: [libjvm.dylib+0x4812c5], sa_mask[0]=11111111011111110111111111111111, sa_flags=SA_RESTART|SA_SIGINFO
SIGTERM: [libjvm.dylib+0x4812c5], sa_mask[0]=11111111011111110111111111111111, sa_flags=SA_RESTART|SA_SIGINFO
SIGQUIT: [libjvm.dylib+0x4812c5], sa_mask[0]=11111111011111110111111111111111, sa_flags=SA_RESTART|SA_SIGINFO


---------------  S Y S T E M  ---------------

OS:Bsduname:Darwin 16.0.0 Darwin Kernel Version 16.0.0: Mon Aug 29 17:56:20 PDT 2016; root:xnu-3789.1.32~3/RELEASE_X86_64 x86_64
rlimit: STACK 8192k, CORE 0k, NPROC 709, NOFILE 10240, AS infinity
load average:3.63 3.44 2.90

CPU:total 4 (2 cores per cpu, 2 threads per core) family 6 model 58 stepping 9, cmov, cx8, fxsr, mmx, sse, sse2, sse3, ssse3, sse4.1, sse4.2, popcnt, avx, aes, clmul, erms, ht, tsc, tscinvbit, tscinv

Memory: 4k page, physical 8388608k(276920k free)

/proc/meminfo:


vm_info: Java HotSpot(TM) 64-Bit Server VM (25.92-b14) for bsd-amd64 JRE (1.8.0_92-b14), built on Mar 31 2016 21:23:14 by "java_re" with gcc 4.2.1 (Based on Apple Inc. build 5658) (LLVM build 2336.11.00)

time: Sat Oct 29 20:39:57 2016
elapsed time: 472 seconds (0d 0h 7m 52s)

